<?xml version="1.0" encoding="UTF-8"?>
<testng-results total="1" passed="1" failed="0" skipped="0">
  <reporter-output>
  </reporter-output>
  <suite started-at="2023-02-15T08:49:18Z" name="Default suite" finished-at="2023-02-15T08:50:39Z" duration-ms="80998">
    <groups>
    </groups>
    <test started-at="2023-02-15T08:49:18Z" name="Default test" finished-at="2023-02-15T08:50:39Z" duration-ms="80998">
      <class name="com.nashtech.tshape.tests.FinalAssessment.Agoda_ID02">
        <test-method is-config="true" signature="beforeSuite()[pri:0, instance:com.nashtech.tshape.tests.FinalAssessment.Agoda_ID02@5c7933ad]" started-at="2023-02-15T15:49:18Z" name="beforeSuite" finished-at="2023-02-15T15:49:18Z" duration-ms="120" status="PASS">
          <reporter-output>
          </reporter-output>
        </test-method> <!-- beforeSuite -->
        <test-method is-config="true" signature="initializeTest()[pri:0, instance:com.nashtech.tshape.tests.FinalAssessment.Agoda_ID02@5c7933ad]" started-at="2023-02-15T15:49:18Z" name="initializeTest" finished-at="2023-02-15T15:49:21Z" duration-ms="3548" status="PASS">
          <reporter-output>
          </reporter-output>
        </test-method> <!-- initializeTest -->
        <test-method is-config="true" signature="beforeMethod(java.lang.reflect.Method, [Ljava.lang.Object;)[pri:0, instance:com.nashtech.tshape.tests.FinalAssessment.Agoda_ID02@5c7933ad]" started-at="2023-02-15T15:49:21Z" name="beforeMethod" finished-at="2023-02-15T15:49:21Z" duration-ms="3" status="PASS">
          <params>
            <param index="0">
              <value>
                <![CDATA[public void com.nashtech.tshape.tests.FinalAssessment.Agoda_ID02.testCase02() throws java.lang.Exception]]>
              </value>
            </param>
            <param index="1">
              <value>
                <![CDATA[[Ljava.lang.Object;@5f8a02cf]]>
              </value>
            </param>
          </params>
          <reporter-output>
          </reporter-output>
        </test-method> <!-- beforeMethod -->
        <test-method signature="testCase02()[pri:0, instance:com.nashtech.tshape.tests.FinalAssessment.Agoda_ID02@5c7933ad]" started-at="2023-02-15T15:49:21Z" name="testCase02" finished-at="2023-02-15T15:50:38Z" duration-ms="76855" status="PASS">
          <reporter-output>
          </reporter-output>
        </test-method> <!-- testCase02 -->
        <test-method is-config="true" signature="tearDown()[pri:0, instance:com.nashtech.tshape.tests.FinalAssessment.Agoda_ID02@5c7933ad]" started-at="2023-02-15T15:50:38Z" name="tearDown" finished-at="2023-02-15T15:50:39Z" duration-ms="583" status="PASS">
          <reporter-output>
          </reporter-output>
        </test-method> <!-- tearDown -->
      </class> <!-- com.nashtech.tshape.tests.FinalAssessment.Agoda_ID02 -->
    </test> <!-- Default test -->
  </suite> <!-- Default suite -->
</testng-results>
